caddy/test_project/samples/helloFriendsCamera/build/outputs/logs/manifest-merger-debug-report.txt
-- Merging decision tree log ---
manifest
ADDED from src\main\AndroidManifest.xml:2:1-44:12
	package
		ADDED from src\main\AndroidManifest.xml:3:5-41
		INJECTED from src\main\AndroidManifest.xml
		INJECTED from src\main\AndroidManifest.xml
	android:versionName
		INJECTED from src\main\AndroidManifest.xml
		INJECTED from src\main\AndroidManifest.xml
	xmlns:android
		ADDED from src\main\AndroidManifest.xml:2:11-69
	android:versionCode
		INJECTED from src\main\AndroidManifest.xml
		INJECTED from src\main\AndroidManifest.xml
uses-permission#android.permission.BLUETOOTH
ADDED from src\main\AndroidManifest.xml:5:5-68
MERGED from [samples:FriendsLink-ble:unspecified] AndroidManifest.xml:11:5-68
	android:name
		ADDED from src\main\AndroidManifest.xml:5:22-65
uses-permission#android.permission.BLUETOOTH_ADMIN
ADDED from src\main\AndroidManifest.xml:6:5-74
MERGED from [samples:FriendsLink-ble:unspecified] AndroidManifest.xml:12:5-74
	android:name
		ADDED from src\main\AndroidManifest.xml:6:22-71
uses-permission#android.permission.ACCESS_FINE_LOCATION
ADDED from src\main\AndroidManifest.xml:7:5-79
MERGED from [samples:FriendsLink-wifi:unspecified] AndroidManifest.xml:17:5-79
MERGED from [samples:FriendsLink-ble:unspecified] AndroidManifest.xml:13:5-79
	android:name
		ADDED from src\main\AndroidManifest.xml:7:22-76
uses-feature#android.hardware.bluetooth_le
ADDED from src\main\AndroidManifest.xml:9:5-11:35
	android:required
		ADDED from src\main\AndroidManifest.xml:11:9-32
	android:name
		ADDED from src\main\AndroidManifest.xml:10:9-53
uses-permission#android.permission.INTERNET
ADDED from src\main\AndroidManifest.xml:13:5-67
MERGED from [samples:FriendsLink-wifi:unspecified] AndroidManifest.xml:14:5-67
	android:name
		ADDED from src\main\AndroidManifest.xml:13:22-64
uses-permission#android.permission.ACCESS_NETWORK_STATE
ADDED from src\main\AndroidManifest.xml:14:5-79
MERGED from [samples:FriendsLink-wifi:unspecified] AndroidManifest.xml:16:5-79
	android:name
		ADDED from src\main\AndroidManifest.xml:14:22-76
uses-permission#android.permission.ACCESS_WIFI_STATE
ADDED from src\main\AndroidManifest.xml:15:5-76
MERGED from [samples:FriendsLink-wifi:unspecified] AndroidManifest.xml:11:5-76
	android:name
		ADDED from src\main\AndroidManifest.xml:15:22-73
uses-permission#android.permission.CHANGE_WIFI_STATE
ADDED from src\main\AndroidManifest.xml:16:5-76
MERGED from [samples:FriendsLink-wifi:unspecified] AndroidManifest.xml:12:5-76
	android:name
		ADDED from src\main\AndroidManifest.xml:16:22-73
uses-permission#android.permission.INTERACT_ACROSS_USERS
ADDED from src\main\AndroidManifest.xml:17:5-80
	android:name
		ADDED from src\main\AndroidManifest.xml:17:22-77
uses-permission#android.permission.READ_EXTERNAL_STORAGE
ADDED from src\main\AndroidManifest.xml:19:5-80
	android:name
		ADDED from src\main\AndroidManifest.xml:19:22-77
uses-permission#android.permission.WRITE_EXTERNAL_STORAGE
ADDED from src\main\AndroidManifest.xml:20:5-81
	android:name
		ADDED from src\main\AndroidManifest.xml:20:22-78
application
ADDED from src\main\AndroidManifest.xml:22:5-42:19
MERGED from [com.android.support:appcompat-v7:23.1.1] AndroidManifest.xml:22:5-20
MERGED from [com.android.support:support-v4:23.1.1] AndroidManifest.xml:22:5-20
MERGED from [samples:osclibrary:unspecified] AndroidManifest.xml:11:5-15:19
MERGED from [com.android.support:appcompat-v7:23.1.1] AndroidManifest.xml:22:5-20
MERGED from [com.android.support:support-v4:23.1.1] AndroidManifest.xml:22:5-20
MERGED from [samples:FriendsLink-wifi:unspecified] AndroidManifest.xml:20:5-24:19
MERGED from [samples:FriendsLink-octopus:unspecified] AndroidManifest.xml:12:5-20
MERGED from [samples:FriendsLink-ble:unspecified] AndroidManifest.xml:15:5-20:19
	android:label
		ADDED from src\main\AndroidManifest.xml:25:9-41
	android:supportsRtl
		ADDED from src\main\AndroidManifest.xml:26:9-35
	android:allowBackup
		ADDED from src\main\AndroidManifest.xml:23:9-35
	android:icon
		ADDED from src\main\AndroidManifest.xml:24:9-43
	android:theme
		ADDED from src\main\AndroidManifest.xml:27:9-40
	android:name
		ADDED from src\main\AndroidManifest.xml:28:9-54
activity#com.lge.helloFriendsCamera.MainActivity
ADDED from src\main\AndroidManifest.xml:29:9-35:20
	android:name
		ADDED from src\main\AndroidManifest.xml:29:19-47
intent-filter#android.intent.action.MAIN+android.intent.category.LAUNCHER
ADDED from src\main\AndroidManifest.xml:30:13-34:29
action#android.intent.action.MAIN
ADDED from src\main\AndroidManifest.xml:31:17-69
	android:name
		ADDED from src\main\AndroidManifest.xml:31:25-66
category#android.intent.category.LAUNCHER
ADDED from src\main\AndroidManifest.xml:33:17-77
	android:name
		ADDED from src\main\AndroidManifest.xml:33:27-74
activity#com.lge.helloFriendsCamera.ConnectionActivity
ADDED from src\main\AndroidManifest.xml:36:9-41:20
	android:screenOrientation
		ADDED from src\main\AndroidManifest.xml:37:13-49
	android:name
		ADDED from src\main\AndroidManifest.xml:36:19-53
intent-filter#android.intent.action.VIEW
ADDED from src\main\AndroidManifest.xml:38:13-40:29
action#android.intent.action.VIEW
ADDED from src\main\AndroidManifest.xml:39:17-68
	android:name
		ADDED from src\main\AndroidManifest.xml:39:25-66
uses-sdk
INJECTED from src\main\AndroidManifest.xml reason: use-sdk injection requested
MERGED from [com.android.support:appcompat-v7:23.1.1] AndroidManifest.xml:20:5-43
MERGED from [com.android.support:support-v4:23.1.1] AndroidManifest.xml:20:5-43
MERGED from [samples:osclibrary:unspecified] AndroidManifest.xml:7:5-9:41
MERGED from [com.android.support:appcompat-v7:23.1.1] AndroidManifest.xml:20:5-43
MERGED from [com.android.support:support-v4:23.1.1] AndroidManifest.xml:20:5-43
MERGED from [samples:FriendsLink-wifi:unspecified] AndroidManifest.xml:7:5-9:41
MERGED from [samples:FriendsLink-octopus:unspecified] AndroidManifest.xml:8:5-10:41
MERGED from [samples:FriendsLink-ble:unspecified] AndroidManifest.xml:7:5-9:41
	android:targetSdkVersion
		INJECTED from src\main\AndroidManifest.xml
		INJECTED from src\main\AndroidManifest.xml
	android:minSdkVersion
		INJECTED from src\main\AndroidManifest.xml
		INJECTED from src\main\AndroidManifest.xml
uses-permission#android.permission.WRITE_SETTINGS
ADDED from [samples:FriendsLink-wifi:unspecified] AndroidManifest.xml:13:5-73
	android:name
		ADDED from [samples:FriendsLink-wifi:unspecified] AndroidManifest.xml:13:22-70
uses-permission#android.permission.CHANGE_NETWORK_STATE
ADDED from [samples:FriendsLink-wifi:unspecified] AndroidManifest.xml:15:5-79
	android:name
		ADDED from [samples:FriendsLink-wifi:unspecified] AndroidManifest.xml:15:22-76
uses-permission#android.permission.PEERS_MAC_ADDRESS
ADDED from [samples:FriendsLink-wifi:unspecified] AndroidManifest.xml:18:5-76
	android:name
		ADDED from [samples:FriendsLink-wifi:unspecified] AndroidManifest.xml:18:22-73
service#com.lge.octopus.tentacles.wifi.client.WifiClientService
ADDED from [samples:FriendsLink-wifi:unspecified] AndroidManifest.xml:21:9-23:38
	android:enabled
		ADDED from [samples:FriendsLink-wifi:unspecified] AndroidManifest.xml:23:13-35
	android:name
		ADDED from [samples:FriendsLink-wifi:unspecified] AndroidManifest.xml:22:13-83
service#com.lge.octopus.tentacles.ble.central.CentralGattService
ADDED from [samples:FriendsLink-ble:unspecified] AndroidManifest.xml:16:9-18:38
	android:enabled
		ADDED from [samples:FriendsLink-ble:unspecified] AndroidManifest.xml:18:13-35
	android:name
		ADDED from [samples:FriendsLink-ble:unspecified] AndroidManifest.xml:17:13-84